;  LST file generated by mikroListExporter - v.2.0 
; Date/Time: 8/9/2024 3:31:24 PM
;----------------------------------------------

;Address Opcode 	ASM
0x0000	0x2C29      	GOTO       1065
_interrupt:
0x0004	0x00FF      	MOVWF      R15
0x0005	0x0E03      	SWAPF      STATUS, 0
0x0006	0x0183      	CLRF       STATUS
0x0007	0x00B1      	MOVWF      ___saveSTATUS
0x0008	0x080A      	MOVF       PCLATH, 0
0x0009	0x00B2      	MOVWF      ___savePCLATH
0x000A	0x018A      	CLRF       PCLATH
0x000B	0x0870      	MOVF       R0, 0
0x000C	0x00A6      	MOVWF      38
0x000D	0x0874      	MOVF       R4, 0
0x000E	0x00A5      	MOVWF      37
0x000F	0x0878      	MOVF       R8, 0
0x0010	0x00A4      	MOVWF      36
0x0011	0x087A      	MOVF       R10, 0
0x0012	0x00A3      	MOVWF      35
0x0013	0x087B      	MOVF       R11, 0
0x0014	0x00A2      	MOVWF      34
0x0015	0x087C      	MOVF       R12, 0
0x0016	0x00A1      	MOVWF      33
0x0017	0x087D      	MOVF       R13, 0
0x0018	0x00A0      	MOVWF      32
0x0019	0x0804      	MOVF       FSR, 0
0x001A	0x00A7      	MOVWF      39
;MyProject.c,219 :: 		void interrupt(){
;MyProject.c,220 :: 		if(intf_bit){
0x001B	0x1C8B      	BTFSS      INTF_bit, BitPos(INTF_bit+0)
0x001C	0x2826      	GOTO       L_interrupt75
;MyProject.c,221 :: 		intf_bit=0;
0x001D	0x108B      	BCF        INTF_bit, BitPos(INTF_bit+0)
;MyProject.c,222 :: 		if(k==3)k=0;
0x001E	0x0828      	MOVF       _k, 0
0x001F	0x3A03      	XORLW      3
0x0020	0x1D03      	BTFSS      STATUS, 2
0x0021	0x2824      	GOTO       L_interrupt76
0x0022	0x01A8      	CLRF       _k
0x0023	0x2825      	GOTO       L_interrupt77
L_interrupt76:
;MyProject.c,224 :: 		++k;
0x0024	0x0AA8      	INCF       _k, 1
L_interrupt77:
;MyProject.c,225 :: 		Manuel();
0x0025	0x212A      	CALL       _Manuel
;MyProject.c,226 :: 		}
L_interrupt75:
;MyProject.c,227 :: 		}
L_end_interrupt:
L__interrupt95:
0x0026	0x0826      	MOVF       38, 0
0x0027	0x00F0      	MOVWF      R0
0x0028	0x0825      	MOVF       37, 0
0x0029	0x00F4      	MOVWF      R4
0x002A	0x0824      	MOVF       36, 0
0x002B	0x00F8      	MOVWF      R8
0x002C	0x0823      	MOVF       35, 0
0x002D	0x00FA      	MOVWF      R10
0x002E	0x0822      	MOVF       34, 0
0x002F	0x00FB      	MOVWF      R11
0x0030	0x0821      	MOVF       33, 0
0x0031	0x00FC      	MOVWF      R12
0x0032	0x0820      	MOVF       32, 0
0x0033	0x00FD      	MOVWF      R13
0x0034	0x0827      	MOVF       39, 0
0x0035	0x0084      	MOVWF      FSR
0x0036	0x0832      	MOVF       ___savePCLATH, 0
0x0037	0x008A      	MOVWF      PCLATH
0x0038	0x0E31      	SWAPF      ___saveSTATUS, 0
0x0039	0x0083      	MOVWF      STATUS
0x003A	0x0EFF      	SWAPF      R15, 1
0x003B	0x0E7F      	SWAPF      R15, 0
0x003C	0x0009      	RETFIE
; end of _interrupt
_Div_16x16_S_L:
;__Lib_Math.c,420 :: 		
;__Lib_Math.c,426 :: 		
0x003D	0x0D71      	RLF        R1, 0
;__Lib_Math.c,427 :: 		
0x003E	0x0DF8      	RLF        R8, 1
;__Lib_Math.c,428 :: 		
0x003F	0x0DF9      	RLF        R9, 1
;__Lib_Math.c,429 :: 		
0x0040	0x0874      	MOVF       R4, 0
;__Lib_Math.c,430 :: 		
0x0041	0x02F8      	SUBWF      R8, 1
;__Lib_Math.c,431 :: 		
0x0042	0x0875      	MOVF       R5, 0
;__Lib_Math.c,432 :: 		
0x0043	0x1C03      	BTFSS      STATUS, 0
;__Lib_Math.c,433 :: 		
0x0044	0x0F75      	INCFSZ     R5, 0
;__Lib_Math.c,434 :: 		
0x0045	0x02F9      	SUBWF      R9, 1
;__Lib_Math.c,435 :: 		
0x0046	0x0DF0      	RLF        R0, 1
;__Lib_Math.c,436 :: 		
0x0047	0x0DF1      	RLF        R1, 1
;__Lib_Math.c,438 :: 		
0x0048	0x300F      	MOVLW      15
;__Lib_Math.c,439 :: 		
0x0049	0x00FC      	MOVWF      R12
;__Lib_Math.c,441 :: 		
0x004A	0x0D71      	RLF        R1, 0
;__Lib_Math.c,442 :: 		
0x004B	0x0DF8      	RLF        R8, 1
;__Lib_Math.c,443 :: 		
0x004C	0x0DF9      	RLF        R9, 1
;__Lib_Math.c,444 :: 		
0x004D	0x0874      	MOVF       R4, 0
;__Lib_Math.c,446 :: 		
0x004E	0x1C70      	BTFSS      R0, 0
;__Lib_Math.c,447 :: 		
0x004F	0x2856      	GOTO       $+7
;__Lib_Math.c,448 :: 		
0x0050	0x02F8      	SUBWF      R8, 1
;__Lib_Math.c,449 :: 		
0x0051	0x0875      	MOVF       R5, 0
;__Lib_Math.c,450 :: 		
0x0052	0x1C03      	BTFSS      STATUS, 0
;__Lib_Math.c,451 :: 		
0x0053	0x0F75      	INCFSZ     R5, 0
;__Lib_Math.c,452 :: 		
0x0054	0x02F9      	SUBWF      R9, 1
;__Lib_Math.c,453 :: 		
0x0055	0x285B      	GOTO       $+6
;__Lib_Math.c,455 :: 		
0x0056	0x07F8      	ADDWF      R8, 1
;__Lib_Math.c,456 :: 		
0x0057	0x0875      	MOVF       R5, 0
;__Lib_Math.c,457 :: 		
0x0058	0x1803      	BTFSC      STATUS, 0
;__Lib_Math.c,458 :: 		
0x0059	0x0F75      	INCFSZ     R5, 0
;__Lib_Math.c,459 :: 		
0x005A	0x07F9      	ADDWF      R9, 1
;__Lib_Math.c,461 :: 		
0x005B	0x0DF0      	RLF        R0, 1
;__Lib_Math.c,462 :: 		
0x005C	0x0DF1      	RLF        R1, 1
;__Lib_Math.c,464 :: 		
0x005D	0x0BFC      	DECFSZ     R12, 1
;__Lib_Math.c,465 :: 		
0x005E	0x284A      	GOTO       $-20
;__Lib_Math.c,467 :: 		
0x005F	0x1870      	BTFSC      R0, 0
;__Lib_Math.c,468 :: 		
0x0060	0x2867      	GOTO       $+7
;__Lib_Math.c,469 :: 		
0x0061	0x0874      	MOVF       R4, 0
;__Lib_Math.c,470 :: 		
0x0062	0x07F8      	ADDWF      R8, 1
;__Lib_Math.c,471 :: 		
0x0063	0x0875      	MOVF       R5, 0
;__Lib_Math.c,472 :: 		
0x0064	0x1803      	BTFSC      STATUS, 0
;__Lib_Math.c,473 :: 		
0x0065	0x0F75      	INCFSZ     R5, 0
;__Lib_Math.c,474 :: 		
0x0066	0x07F9      	ADDWF      R9, 1
;__Lib_Math.c,475 :: 		
0x0067	0x0000      	NOP
;__Lib_Math.c,477 :: 		
L_end_Div_16x16_S_L:
0x0068	0x0008      	RETURN
; end of _Div_16x16_S_L
_Div_16x16_S:
;__Lib_Math.c,479 :: 		
;__Lib_Math.c,487 :: 		
0x0069	0x1283      	BCF        STATUS, 5
0x006A	0x1303      	BCF        STATUS, 6
0x006B	0x0874      	MOVF       R4, 0
0x006C	0x3A00      	XORLW      0
0x006D	0x1D03      	BTFSS      STATUS, 2
0x006E	0x2878      	GOTO       L_Div_16x16_S0
;__Lib_Math.c,488 :: 		
0x006F	0x0875      	MOVF       R5, 0
0x0070	0x3A00      	XORLW      0
0x0071	0x1D03      	BTFSS      STATUS, 2
0x0072	0x2878      	GOTO       L_Div_16x16_S1
;__Lib_Math.c,489 :: 		
0x0073	0x30FF      	MOVLW      255
0x0074	0x00F0      	MOVWF      R0
;__Lib_Math.c,490 :: 		
0x0075	0x307F      	MOVLW      127
0x0076	0x00F1      	MOVWF      R1
;__Lib_Math.c,491 :: 		
0x0077	0x28D1      	GOTO       L_end_Div_16x16_S
;__Lib_Math.c,492 :: 		
L_Div_16x16_S1:
L_Div_16x16_S0:
;__Lib_Math.c,495 :: 		
0x0078	0x1283      	BCF        STATUS, 5
;__Lib_Math.c,496 :: 		
0x0079	0x1303      	BCF        STATUS, 6
;__Lib_Math.c,497 :: 		
0x007A	0x01FD      	CLRF       R13
;__Lib_Math.c,498 :: 		
0x007B	0x01F9      	CLRF       R9
;__Lib_Math.c,499 :: 		
0x007C	0x01F8      	CLRF       R8
;__Lib_Math.c,500 :: 		
0x007D	0x0871      	MOVF       R1, 0
;__Lib_Math.c,501 :: 		
0x007E	0x0470      	IORWF      R0, 0
;__Lib_Math.c,502 :: 		
0x007F	0x1903      	BTFSC      STATUS, 2
;__Lib_Math.c,503 :: 		
0x0080	0x3400      	RETLW      0
;__Lib_Math.c,505 :: 		
0x0081	0x0871      	MOVF       R1, 0
;__Lib_Math.c,506 :: 		
0x0082	0x0675      	XORWF      R5, 0
;__Lib_Math.c,507 :: 		
0x0083	0x00FA      	MOVWF      R10
;__Lib_Math.c,508 :: 		
0x0084	0x1BFA      	BTFSC      R10, 7
;__Lib_Math.c,509 :: 		
0x0085	0x09FD      	COMF       R13, 1
;__Lib_Math.c,511 :: 		
0x0086	0x01FB      	CLRF       R11
;__Lib_Math.c,513 :: 		
0x0087	0x1FF5      	BTFSS      R5, 7
;__Lib_Math.c,514 :: 		
0x0088	0x288E      	GOTO       $+6
;__Lib_Math.c,516 :: 		
0x0089	0x09F4      	COMF       R4, 1
;__Lib_Math.c,517 :: 		
0x008A	0x09F5      	COMF       R5, 1
;__Lib_Math.c,518 :: 		
0x008B	0x0AF4      	INCF       R4, 1
;__Lib_Math.c,519 :: 		
0x008C	0x1903      	BTFSC      STATUS, 2
;__Lib_Math.c,520 :: 		
0x008D	0x0AF5      	INCF       R5, 1
;__Lib_Math.c,522 :: 		
0x008E	0x1FF1      	BTFSS      R1, 7
;__Lib_Math.c,523 :: 		
0x008F	0x2895      	GOTO       $+6
;__Lib_Math.c,525 :: 		
0x0090	0x09F0      	COMF       R0, 1
;__Lib_Math.c,526 :: 		
0x0091	0x09F1      	COMF       R1, 1
;__Lib_Math.c,527 :: 		
0x0092	0x0AF0      	INCF       R0, 1
;__Lib_Math.c,528 :: 		
0x0093	0x1903      	BTFSC      STATUS, 2
;__Lib_Math.c,529 :: 		
0x0094	0x0AF1      	INCF       R1, 1
;__Lib_Math.c,531 :: 		
0x0095	0x0871      	MOVF       R1, 0
;__Lib_Math.c,532 :: 		
0x0096	0x0475      	IORWF      R5, 0
;__Lib_Math.c,533 :: 		
0x0097	0x00FA      	MOVWF      R10
;__Lib_Math.c,534 :: 		
0x0098	0x1BFA      	BTFSC      R10, 7
;__Lib_Math.c,535 :: 		
0x0099	0x28AA      	GOTO       $+17
;__Lib_Math.c,537 :: 		
0x009A	0x203D      	CALL       _Div_16x16_S_L
;__Lib_Math.c,539 :: 		
0x009B	0x187B      	BTFSC      R11, 0
;__Lib_Math.c,540 :: 		
0x009C	0x28BD      	GOTO       $+33
;__Lib_Math.c,542 :: 		
0x009D	0x1FFD      	BTFSS      R13, 7
;__Lib_Math.c,543 :: 		
0x009E	0x3400      	RETLW      0
;__Lib_Math.c,545 :: 		
0x009F	0x09F0      	COMF       R0, 1
;__Lib_Math.c,546 :: 		
0x00A0	0x09F1      	COMF       R1, 1
;__Lib_Math.c,547 :: 		
0x00A1	0x0AF0      	INCF       R0, 1
;__Lib_Math.c,548 :: 		
0x00A2	0x1903      	BTFSC      STATUS, 2
;__Lib_Math.c,549 :: 		
0x00A3	0x0AF1      	INCF       R1, 1
;__Lib_Math.c,551 :: 		
0x00A4	0x09F8      	COMF       R8, 1
;__Lib_Math.c,552 :: 		
0x00A5	0x09F9      	COMF       R9, 1
;__Lib_Math.c,553 :: 		
0x00A6	0x0AF8      	INCF       R8, 1
;__Lib_Math.c,554 :: 		
0x00A7	0x1903      	BTFSC      STATUS, 2
;__Lib_Math.c,555 :: 		
0x00A8	0x0AF9      	INCF       R9, 1
;__Lib_Math.c,557 :: 		
0x00A9	0x3400      	RETLW      0
;__Lib_Math.c,559 :: 		
0x00AA	0x1FF5      	BTFSS      R5, 7
;__Lib_Math.c,560 :: 		
0x00AB	0x28B9      	GOTO       $+14
;__Lib_Math.c,561 :: 		
0x00AC	0x1BF1      	BTFSC      R1, 7
;__Lib_Math.c,562 :: 		
0x00AD	0x28B5      	GOTO       $+8
;__Lib_Math.c,563 :: 		
0x00AE	0x0871      	MOVF       R1, 0
;__Lib_Math.c,564 :: 		
0x00AF	0x00F9      	MOVWF      R9
;__Lib_Math.c,565 :: 		
0x00B0	0x0870      	MOVF       R0, 0
;__Lib_Math.c,566 :: 		
0x00B1	0x00F8      	MOVWF      R8
;__Lib_Math.c,567 :: 		
0x00B2	0x01F1      	CLRF       R1
;__Lib_Math.c,568 :: 		
0x00B3	0x01F0      	CLRF       R0
;__Lib_Math.c,569 :: 		
0x00B4	0x289D      	GOTO       $-23
;__Lib_Math.c,570 :: 		
0x00B5	0x01F1      	CLRF       R1
;__Lib_Math.c,571 :: 		
0x00B6	0x01F0      	CLRF       R0
;__Lib_Math.c,572 :: 		
0x00B7	0x0AF0      	INCF       R0, 1
;__Lib_Math.c,573 :: 		
0x00B8	0x3400      	RETLW      0
;__Lib_Math.c,575 :: 		
0x00B9	0x09F1      	COMF       R1, 1
;__Lib_Math.c,576 :: 		
0x00BA	0x09F0      	COMF       R0, 1
;__Lib_Math.c,577 :: 		
0x00BB	0x0AFB      	INCF       R11, 1
;__Lib_Math.c,578 :: 		
0x00BC	0x289A      	GOTO       $-34
;__Lib_Math.c,580 :: 		
0x00BD	0x0AF8      	INCF       R8, 1
;__Lib_Math.c,581 :: 		
0x00BE	0x1903      	BTFSC      STATUS, 2
;__Lib_Math.c,582 :: 		
0x00BF	0x0AF9      	INCF       R9, 1
;__Lib_Math.c,583 :: 		
0x00C0	0x0874      	MOVF       R4, 0
;__Lib_Math.c,584 :: 		
0x00C1	0x0278      	SUBWF      R8, 0
;__Lib_Math.c,585 :: 		
0x00C2	0x1D03      	BTFSS      STATUS, 2
;__Lib_Math.c,586 :: 		
0x00C3	0x289D      	GOTO       $-38
;__Lib_Math.c,587 :: 		
0x00C4	0x0875      	MOVF       R5, 0
;__Lib_Math.c,588 :: 		
0x00C5	0x0279      	SUBWF      R9, 0
;__Lib_Math.c,589 :: 		
0x00C6	0x1D03      	BTFSS      STATUS, 2
;__Lib_Math.c,590 :: 		
0x00C7	0x289D      	GOTO       $-42
;__Lib_Math.c,591 :: 		
0x00C8	0x01F9      	CLRF       R9
;__Lib_Math.c,592 :: 		
0x00C9	0x01F8      	CLRF       R8
;__Lib_Math.c,593 :: 		
0x00CA	0x0AF0      	INCF       R0, 1
;__Lib_Math.c,594 :: 		
0x00CB	0x1903      	BTFSC      STATUS, 2
;__Lib_Math.c,595 :: 		
0x00CC	0x0AF1      	INCF       R1, 1
;__Lib_Math.c,596 :: 		
0x00CD	0x1FF1      	BTFSS      R1, 7
;__Lib_Math.c,597 :: 		
0x00CE	0x289D      	GOTO       $-49
;__Lib_Math.c,598 :: 		
0x00CF	0x0000      	NOP
;__Lib_Math.c,599 :: 		
0x00D0	0x34FF      	RETLW      255
;__Lib_Math.c,601 :: 		
L_end_Div_16x16_S:
0x00D1	0x0008      	RETURN
; end of _Div_16x16_S
_____DoICP:
;__Lib_System.c,6 :: 		
;__Lib_System.c,9 :: 		
0x00D2	0x1283      	BCF        STATUS, 5
0x00D3	0x1303      	BCF        STATUS, 6
0x00D4	0x0830      	MOVF       ___DoICPAddr+1, 0
0x00D5	0x008A      	MOVWF      PCLATH
;__Lib_System.c,10 :: 		
0x00D6	0x082F      	MOVF       ___DoICPAddr, 0
0x00D7	0x0082      	MOVWF      PCL
;__Lib_System.c,12 :: 		
L_end_____DoICP:
0x00D8	0x0008      	RETURN
; end of _____DoICP
_Div_8X8_S:
;__Lib_Math.c,606 :: 		
;__Lib_Math.c,614 :: 		
0x00D9	0x1283      	BCF        STATUS, 5
;__Lib_Math.c,615 :: 		
0x00DA	0x1303      	BCF        STATUS, 6
;__Lib_Math.c,616 :: 		
0x00DB	0x01FD      	CLRF       R13
;__Lib_Math.c,617 :: 		
0x00DC	0x01F8      	CLRF       R8
;__Lib_Math.c,618 :: 		
0x00DD	0x0870      	MOVF       R0, 0
;__Lib_Math.c,619 :: 		
0x00DE	0x1903      	BTFSC      STATUS, 2
;__Lib_Math.c,620 :: 		
0x00DF	0x3400      	RETLW      0
;__Lib_Math.c,621 :: 		
0x00E0	0x0674      	XORWF      R4, 0
;__Lib_Math.c,622 :: 		
0x00E1	0x00FA      	MOVWF      R10
;__Lib_Math.c,623 :: 		
0x00E2	0x1BFA      	BTFSC      R10, 7
;__Lib_Math.c,624 :: 		
0x00E3	0x09FD      	COMF       R13, 1
;__Lib_Math.c,625 :: 		
0x00E4	0x01FB      	CLRF       R11
;__Lib_Math.c,626 :: 		
0x00E5	0x1FF4      	BTFSS      R4, 7
;__Lib_Math.c,627 :: 		
0x00E6	0x28E9      	GOTO       $+3
;__Lib_Math.c,628 :: 		
0x00E7	0x09F4      	COMF       R4, 1
;__Lib_Math.c,629 :: 		
0x00E8	0x0AF4      	INCF       R4, 1
;__Lib_Math.c,630 :: 		
0x00E9	0x1FF0      	BTFSS      R0, 7
;__Lib_Math.c,631 :: 		
0x00EA	0x28ED      	GOTO       $+3
;__Lib_Math.c,632 :: 		
0x00EB	0x09F0      	COMF       R0, 1
;__Lib_Math.c,633 :: 		
0x00EC	0x0AF0      	INCF       R0, 1
;__Lib_Math.c,634 :: 		
0x00ED	0x0870      	MOVF       R0, 0
;__Lib_Math.c,635 :: 		
0x00EE	0x0474      	IORWF      R4, 0
;__Lib_Math.c,636 :: 		
0x00EF	0x00FA      	MOVWF      R10
;__Lib_Math.c,637 :: 		
0x00F0	0x1BFA      	BTFSC      R10, 7
;__Lib_Math.c,638 :: 		
0x00F1	0x2911      	GOTO       $+32
;__Lib_Math.c,639 :: 		
0x00F2	0x0874      	MOVF       R4, 0
;__Lib_Math.c,640 :: 		
0x00F3	0x02F8      	SUBWF      R8, 1
;__Lib_Math.c,641 :: 		
0x00F4	0x0DF0      	RLF        R0, 1
;__Lib_Math.c,642 :: 		
0x00F5	0x0D70      	RLF        R0, 0
;__Lib_Math.c,643 :: 		
0x00F6	0x0DF8      	RLF        R8, 1
;__Lib_Math.c,644 :: 		
0x00F7	0x0874      	MOVF       R4, 0
;__Lib_Math.c,645 :: 		
0x00F8	0x07F8      	ADDWF      R8, 1
;__Lib_Math.c,646 :: 		
0x00F9	0x0DF0      	RLF        R0, 1
;__Lib_Math.c,647 :: 		
0x00FA	0x3006      	MOVLW      6
;__Lib_Math.c,648 :: 		
0x00FB	0x00FC      	MOVWF      R12
;__Lib_Math.c,649 :: 		
0x00FC	0x0D70      	RLF        R0, 0
;__Lib_Math.c,650 :: 		
0x00FD	0x0DF8      	RLF        R8, 1
;__Lib_Math.c,651 :: 		
0x00FE	0x0874      	MOVF       R4, 0
;__Lib_Math.c,652 :: 		
0x00FF	0x1870      	BTFSC      R0, 0
;__Lib_Math.c,653 :: 		
0x0100	0x02F8      	SUBWF      R8, 1
;__Lib_Math.c,654 :: 		
0x0101	0x1C70      	BTFSS      R0, 0
;__Lib_Math.c,655 :: 		
0x0102	0x07F8      	ADDWF      R8, 1
;__Lib_Math.c,656 :: 		
0x0103	0x0DF0      	RLF        R0, 1
;__Lib_Math.c,657 :: 		
0x0104	0x0BFC      	DECFSZ     R12, 1
;__Lib_Math.c,658 :: 		
0x0105	0x28FC      	GOTO       $-9
;__Lib_Math.c,659 :: 		
0x0106	0x1C70      	BTFSS      R0, 0
;__Lib_Math.c,660 :: 		
0x0107	0x07F8      	ADDWF      R8, 1
;__Lib_Math.c,661 :: 		
0x0108	0x187B      	BTFSC      R11, 0
;__Lib_Math.c,662 :: 		
0x0109	0x291F      	GOTO       $+22
;__Lib_Math.c,663 :: 		
0x010A	0x1FFD      	BTFSS      R13, 7
;__Lib_Math.c,664 :: 		
0x010B	0x3400      	RETLW      0
;__Lib_Math.c,665 :: 		
0x010C	0x09F0      	COMF       R0, 1
;__Lib_Math.c,666 :: 		
0x010D	0x0AF0      	INCF       R0, 1
;__Lib_Math.c,667 :: 		
0x010E	0x09F8      	COMF       R8, 1
;__Lib_Math.c,668 :: 		
0x010F	0x0AF8      	INCF       R8, 1
;__Lib_Math.c,669 :: 		
0x0110	0x3400      	RETLW      0
;__Lib_Math.c,670 :: 		
0x0111	0x1FF4      	BTFSS      R4, 7
;__Lib_Math.c,671 :: 		
0x0112	0x291C      	GOTO       $+10
;__Lib_Math.c,672 :: 		
0x0113	0x1BF0      	BTFSC      R0, 7
;__Lib_Math.c,673 :: 		
0x0114	0x2919      	GOTO       $+5
;__Lib_Math.c,674 :: 		
0x0115	0x0870      	MOVF       R0, 0
;__Lib_Math.c,675 :: 		
0x0116	0x00F8      	MOVWF      R8
;__Lib_Math.c,676 :: 		
0x0117	0x01F0      	CLRF       R0
;__Lib_Math.c,677 :: 		
0x0118	0x290A      	GOTO       $-14
;__Lib_Math.c,678 :: 		
0x0119	0x01F0      	CLRF       R0
;__Lib_Math.c,679 :: 		
0x011A	0x0AF0      	INCF       R0, 1
;__Lib_Math.c,680 :: 		
0x011B	0x3400      	RETLW      0
;__Lib_Math.c,681 :: 		
0x011C	0x09F0      	COMF       R0, 1
;__Lib_Math.c,682 :: 		
0x011D	0x0AFB      	INCF       R11, 1
;__Lib_Math.c,683 :: 		
0x011E	0x28F2      	GOTO       $-44
;__Lib_Math.c,684 :: 		
0x011F	0x0AF8      	INCF       R8, 1
;__Lib_Math.c,685 :: 		
0x0120	0x0874      	MOVF       R4, 0
;__Lib_Math.c,686 :: 		
0x0121	0x0278      	SUBWF      R8, 0
;__Lib_Math.c,687 :: 		
0x0122	0x1D03      	BTFSS      STATUS, 2
;__Lib_Math.c,688 :: 		
0x0123	0x290A      	GOTO       $-25
;__Lib_Math.c,689 :: 		
0x0124	0x01F8      	CLRF       R8
;__Lib_Math.c,690 :: 		
0x0125	0x0AF0      	INCF       R0, 1
;__Lib_Math.c,691 :: 		
0x0126	0x1FF0      	BTFSS      R0, 7
;__Lib_Math.c,692 :: 		
0x0127	0x290A      	GOTO       $-29
;__Lib_Math.c,693 :: 		
0x0128	0x34FF      	RETLW      255
;__Lib_Math.c,695 :: 		
L_end_Div_8X8_S:
0x0129	0x0008      	RETURN
; end of _Div_8X8_S
_Manuel:
;MyProject.c,139 :: 		void Manuel(){
;MyProject.c,140 :: 		if(man_auto==1)  {
0x012A	0x1283      	BCF        STATUS, 5
0x012B	0x1303      	BCF        STATUS, 6
0x012C	0x1C86      	BTFSS      PORTB, 1
0x012D	0x2A31      	GOTO       L_Manuel48
;MyProject.c,141 :: 		portd=mode[k];
0x012E	0x0828      	MOVF       _k, 0
0x012F	0x3E29      	ADDLW      _mode
0x0130	0x0084      	MOVWF      FSR
0x0131	0x0800      	MOVF       INDF, 0
0x0132	0x0088      	MOVWF      PORTD
;MyProject.c,142 :: 		west_right=west_left=south_right=south_left=1;
0x0133	0x1786      	BSF        PORTB, 7
0x0134	0x1B86      	BTFSC      PORTB, 7
0x0135	0x2938      	GOTO       L__Manuel88
0x0136	0x1306      	BCF        PORTB, 6
0x0137	0x2939      	GOTO       L__Manuel89
L__Manuel88:
0x0138	0x1706      	BSF        PORTB, 6
L__Manuel89:
0x0139	0x1B06      	BTFSC      PORTB, 6
0x013A	0x293D      	GOTO       L__Manuel90
0x013B	0x1286      	BCF        PORTB, 5
0x013C	0x293E      	GOTO       L__Manuel91
L__Manuel90:
0x013D	0x1686      	BSF        PORTB, 5
L__Manuel91:
0x013E	0x1A86      	BTFSC      PORTB, 5
0x013F	0x2942      	GOTO       L__Manuel92
0x0140	0x1206      	BCF        PORTB, 4
0x0141	0x2943      	GOTO       L__Manuel93
L__Manuel92:
0x0142	0x1606      	BSF        PORTB, 4
L__Manuel93:
;MyProject.c,143 :: 		switch (k){
0x0143	0x2A21      	GOTO       L_Manuel49
;MyProject.c,144 :: 		case 0:
L_Manuel51:
;MyProject.c,145 :: 		break;
0x0144	0x2A31      	GOTO       L_Manuel50
;MyProject.c,146 :: 		case 1:
L_Manuel52:
;MyProject.c,147 :: 		for(i=3;i>=1;i--){
0x0145	0x3003      	MOVLW      3
0x0146	0x00AD      	MOVWF      _i
L_Manuel53:
0x0147	0x3080      	MOVLW      128
0x0148	0x062D      	XORWF      _i, 0
0x0149	0x00F0      	MOVWF      R0
0x014A	0x3080      	MOVLW      128
0x014B	0x3A01      	XORLW      1
0x014C	0x0270      	SUBWF      R0, 0
0x014D	0x1C03      	BTFSS      STATUS, 0
0x014E	0x29B0      	GOTO       L_Manuel54
;MyProject.c,148 :: 		for(j=0;j<=25;j++){
0x014F	0x01AE      	CLRF       _j
L_Manuel56:
0x0150	0x3080      	MOVLW      128
0x0151	0x3A19      	XORLW      25
0x0152	0x00F0      	MOVWF      R0
0x0153	0x3080      	MOVLW      128
0x0154	0x062E      	XORWF      _j, 0
0x0155	0x0270      	SUBWF      R0, 0
0x0156	0x1C03      	BTFSS      STATUS, 0
0x0157	0x29AE      	GOTO       L_Manuel57
;MyProject.c,149 :: 		west_right=0;
0x0158	0x1206      	BCF        PORTB, 4
;MyProject.c,150 :: 		west_left=1;
0x0159	0x1686      	BSF        PORTB, 5
;MyProject.c,151 :: 		south_right=1;
0x015A	0x1706      	BSF        PORTB, 6
;MyProject.c,152 :: 		south_left=1;
0x015B	0x1786      	BSF        PORTB, 7
;MyProject.c,153 :: 		portc=(i)/10;
0x015C	0x300A      	MOVLW      10
0x015D	0x00F4      	MOVWF      R4
0x015E	0x082D      	MOVF       _i, 0
0x015F	0x00F0      	MOVWF      R0
0x0160	0x20D9      	CALL       _Div_8X8_S
0x0161	0x0870      	MOVF       R0, 0
0x0162	0x0087      	MOVWF      PORTC
;MyProject.c,154 :: 		delay_ms(10);
0x0163	0x301A      	MOVLW      26
0x0164	0x00FC      	MOVWF      R12
0x0165	0x30F8      	MOVLW      248
0x0166	0x00FD      	MOVWF      R13
L_Manuel59:
0x0167	0x0BFD      	DECFSZ     R13, 1
0x0168	0x2967      	GOTO       L_Manuel59
0x0169	0x0BFC      	DECFSZ     R12, 1
0x016A	0x2967      	GOTO       L_Manuel59
0x016B	0x0000      	NOP
;MyProject.c,156 :: 		west_right=1;
0x016C	0x1606      	BSF        PORTB, 4
;MyProject.c,157 :: 		west_left=0;
0x016D	0x1286      	BCF        PORTB, 5
;MyProject.c,158 :: 		south_right=1;
0x016E	0x1706      	BSF        PORTB, 6
;MyProject.c,159 :: 		south_left=1;
0x016F	0x1786      	BSF        PORTB, 7
;MyProject.c,160 :: 		portc=(i)%10;
0x0170	0x300A      	MOVLW      10
0x0171	0x00F4      	MOVWF      R4
0x0172	0x082D      	MOVF       _i, 0
0x0173	0x00F0      	MOVWF      R0
0x0174	0x20D9      	CALL       _Div_8X8_S
0x0175	0x0878      	MOVF       R8, 0
0x0176	0x00F0      	MOVWF      R0
0x0177	0x0870      	MOVF       R0, 0
0x0178	0x0087      	MOVWF      PORTC
;MyProject.c,161 :: 		delay_ms(10);
0x0179	0x301A      	MOVLW      26
0x017A	0x00FC      	MOVWF      R12
0x017B	0x30F8      	MOVLW      248
0x017C	0x00FD      	MOVWF      R13
L_Manuel60:
0x017D	0x0BFD      	DECFSZ     R13, 1
0x017E	0x297D      	GOTO       L_Manuel60
0x017F	0x0BFC      	DECFSZ     R12, 1
0x0180	0x297D      	GOTO       L_Manuel60
0x0181	0x0000      	NOP
;MyProject.c,163 :: 		west_right=1;
0x0182	0x1606      	BSF        PORTB, 4
;MyProject.c,164 :: 		west_left=1;
0x0183	0x1686      	BSF        PORTB, 5
;MyProject.c,165 :: 		south_right=0;
0x0184	0x1306      	BCF        PORTB, 6
;MyProject.c,166 :: 		south_left=1;
0x0185	0x1786      	BSF        PORTB, 7
;MyProject.c,167 :: 		portc=i/10;
0x0186	0x300A      	MOVLW      10
0x0187	0x00F4      	MOVWF      R4
0x0188	0x082D      	MOVF       _i, 0
0x0189	0x00F0      	MOVWF      R0
0x018A	0x20D9      	CALL       _Div_8X8_S
0x018B	0x0870      	MOVF       R0, 0
0x018C	0x0087      	MOVWF      PORTC
;MyProject.c,168 :: 		delay_ms(10);
0x018D	0x301A      	MOVLW      26
0x018E	0x00FC      	MOVWF      R12
0x018F	0x30F8      	MOVLW      248
0x0190	0x00FD      	MOVWF      R13
L_Manuel61:
0x0191	0x0BFD      	DECFSZ     R13, 1
0x0192	0x2991      	GOTO       L_Manuel61
0x0193	0x0BFC      	DECFSZ     R12, 1
0x0194	0x2991      	GOTO       L_Manuel61
0x0195	0x0000      	NOP
;MyProject.c,170 :: 		west_right=1;
0x0196	0x1606      	BSF        PORTB, 4
;MyProject.c,171 :: 		west_left=1;
0x0197	0x1686      	BSF        PORTB, 5
;MyProject.c,172 :: 		south_right=1;
0x0198	0x1706      	BSF        PORTB, 6
;MyProject.c,173 :: 		south_left=0;
0x0199	0x1386      	BCF        PORTB, 7
;MyProject.c,174 :: 		portc=i%10;
0x019A	0x300A      	MOVLW      10
0x019B	0x00F4      	MOVWF      R4
0x019C	0x082D      	MOVF       _i, 0
0x019D	0x00F0      	MOVWF      R0
0x019E	0x20D9      	CALL       _Div_8X8_S
0x019F	0x0878      	MOVF       R8, 0
0x01A0	0x00F0      	MOVWF      R0
0x01A1	0x0870      	MOVF       R0, 0
0x01A2	0x0087      	MOVWF      PORTC
;MyProject.c,175 :: 		delay_ms(10);
0x01A3	0x301A      	MOVLW      26
0x01A4	0x00FC      	MOVWF      R12
0x01A5	0x30F8      	MOVLW      248
0x01A6	0x00FD      	MOVWF      R13
L_Manuel62:
0x01A7	0x0BFD      	DECFSZ     R13, 1
0x01A8	0x29A7      	GOTO       L_Manuel62
0x01A9	0x0BFC      	DECFSZ     R12, 1
0x01AA	0x29A7      	GOTO       L_Manuel62
0x01AB	0x0000      	NOP
;MyProject.c,148 :: 		for(j=0;j<=25;j++){
0x01AC	0x0AAE      	INCF       _j, 1
;MyProject.c,176 :: 		}
0x01AD	0x2950      	GOTO       L_Manuel56
L_Manuel57:
;MyProject.c,147 :: 		for(i=3;i>=1;i--){
0x01AE	0x03AD      	DECF       _i, 1
;MyProject.c,177 :: 		}
0x01AF	0x2947      	GOTO       L_Manuel53
L_Manuel54:
;MyProject.c,178 :: 		k=2;
0x01B0	0x3002      	MOVLW      2
0x01B1	0x00A8      	MOVWF      _k
;MyProject.c,179 :: 		break;
0x01B2	0x2A31      	GOTO       L_Manuel50
;MyProject.c,180 :: 		case 2:
L_Manuel63:
;MyProject.c,181 :: 		break;
0x01B3	0x2A31      	GOTO       L_Manuel50
;MyProject.c,182 :: 		case 3:
L_Manuel64:
;MyProject.c,183 :: 		for(i=3;i>=1;i--){
0x01B4	0x3003      	MOVLW      3
0x01B5	0x00AD      	MOVWF      _i
L_Manuel65:
0x01B6	0x3080      	MOVLW      128
0x01B7	0x062D      	XORWF      _i, 0
0x01B8	0x00F0      	MOVWF      R0
0x01B9	0x3080      	MOVLW      128
0x01BA	0x3A01      	XORLW      1
0x01BB	0x0270      	SUBWF      R0, 0
0x01BC	0x1C03      	BTFSS      STATUS, 0
0x01BD	0x2A1F      	GOTO       L_Manuel66
;MyProject.c,184 :: 		for(j=0;j<=25;j++){
0x01BE	0x01AE      	CLRF       _j
L_Manuel68:
0x01BF	0x3080      	MOVLW      128
0x01C0	0x3A19      	XORLW      25
0x01C1	0x00F0      	MOVWF      R0
0x01C2	0x3080      	MOVLW      128
0x01C3	0x062E      	XORWF      _j, 0
0x01C4	0x0270      	SUBWF      R0, 0
0x01C5	0x1C03      	BTFSS      STATUS, 0
0x01C6	0x2A1D      	GOTO       L_Manuel69
;MyProject.c,185 :: 		west_right=0;
0x01C7	0x1206      	BCF        PORTB, 4
;MyProject.c,186 :: 		west_left=1;
0x01C8	0x1686      	BSF        PORTB, 5
;MyProject.c,187 :: 		south_right=1;
0x01C9	0x1706      	BSF        PORTB, 6
;MyProject.c,188 :: 		south_left=1;
0x01CA	0x1786      	BSF        PORTB, 7
;MyProject.c,189 :: 		portc=(i)/10;
0x01CB	0x300A      	MOVLW      10
0x01CC	0x00F4      	MOVWF      R4
0x01CD	0x082D      	MOVF       _i, 0
0x01CE	0x00F0      	MOVWF      R0
0x01CF	0x20D9      	CALL       _Div_8X8_S
0x01D0	0x0870      	MOVF       R0, 0
0x01D1	0x0087      	MOVWF      PORTC
;MyProject.c,190 :: 		delay_ms(10);
0x01D2	0x301A      	MOVLW      26
0x01D3	0x00FC      	MOVWF      R12
0x01D4	0x30F8      	MOVLW      248
0x01D5	0x00FD      	MOVWF      R13
L_Manuel71:
0x01D6	0x0BFD      	DECFSZ     R13, 1
0x01D7	0x29D6      	GOTO       L_Manuel71
0x01D8	0x0BFC      	DECFSZ     R12, 1
0x01D9	0x29D6      	GOTO       L_Manuel71
0x01DA	0x0000      	NOP
;MyProject.c,192 :: 		west_right=1;
0x01DB	0x1606      	BSF        PORTB, 4
;MyProject.c,193 :: 		west_left=0;
0x01DC	0x1286      	BCF        PORTB, 5
;MyProject.c,194 :: 		south_right=1;
0x01DD	0x1706      	BSF        PORTB, 6
;MyProject.c,195 :: 		south_left=1;
0x01DE	0x1786      	BSF        PORTB, 7
;MyProject.c,196 :: 		portc=(i)%10;
0x01DF	0x300A      	MOVLW      10
0x01E0	0x00F4      	MOVWF      R4
0x01E1	0x082D      	MOVF       _i, 0
0x01E2	0x00F0      	MOVWF      R0
0x01E3	0x20D9      	CALL       _Div_8X8_S
0x01E4	0x0878      	MOVF       R8, 0
0x01E5	0x00F0      	MOVWF      R0
0x01E6	0x0870      	MOVF       R0, 0
0x01E7	0x0087      	MOVWF      PORTC
;MyProject.c,197 :: 		delay_ms(10);
0x01E8	0x301A      	MOVLW      26
0x01E9	0x00FC      	MOVWF      R12
0x01EA	0x30F8      	MOVLW      248
0x01EB	0x00FD      	MOVWF      R13
L_Manuel72:
0x01EC	0x0BFD      	DECFSZ     R13, 1
0x01ED	0x29EC      	GOTO       L_Manuel72
0x01EE	0x0BFC      	DECFSZ     R12, 1
0x01EF	0x29EC      	GOTO       L_Manuel72
0x01F0	0x0000      	NOP
;MyProject.c,199 :: 		west_right=1;
0x01F1	0x1606      	BSF        PORTB, 4
;MyProject.c,200 :: 		west_left=1;
0x01F2	0x1686      	BSF        PORTB, 5
;MyProject.c,201 :: 		south_right=0;
0x01F3	0x1306      	BCF        PORTB, 6
;MyProject.c,202 :: 		south_left=1;
0x01F4	0x1786      	BSF        PORTB, 7
;MyProject.c,203 :: 		portc=i/10;
0x01F5	0x300A      	MOVLW      10
0x01F6	0x00F4      	MOVWF      R4
0x01F7	0x082D      	MOVF       _i, 0
0x01F8	0x00F0      	MOVWF      R0
0x01F9	0x20D9      	CALL       _Div_8X8_S
0x01FA	0x0870      	MOVF       R0, 0
0x01FB	0x0087      	MOVWF      PORTC
;MyProject.c,204 :: 		delay_ms(10);
0x01FC	0x301A      	MOVLW      26
0x01FD	0x00FC      	MOVWF      R12
0x01FE	0x30F8      	MOVLW      248
0x01FF	0x00FD      	MOVWF      R13
L_Manuel73:
0x0200	0x0BFD      	DECFSZ     R13, 1
0x0201	0x2A00      	GOTO       L_Manuel73
0x0202	0x0BFC      	DECFSZ     R12, 1
0x0203	0x2A00      	GOTO       L_Manuel73
0x0204	0x0000      	NOP
;MyProject.c,206 :: 		west_right=1;
0x0205	0x1606      	BSF        PORTB, 4
;MyProject.c,207 :: 		west_left=1;
0x0206	0x1686      	BSF        PORTB, 5
;MyProject.c,208 :: 		south_right=1;
0x0207	0x1706      	BSF        PORTB, 6
;MyProject.c,209 :: 		south_left=0;
0x0208	0x1386      	BCF        PORTB, 7
;MyProject.c,210 :: 		portc=i%10;
0x0209	0x300A      	MOVLW      10
0x020A	0x00F4      	MOVWF      R4
0x020B	0x082D      	MOVF       _i, 0
0x020C	0x00F0      	MOVWF      R0
0x020D	0x20D9      	CALL       _Div_8X8_S
0x020E	0x0878      	MOVF       R8, 0
0x020F	0x00F0      	MOVWF      R0
0x0210	0x0870      	MOVF       R0, 0
0x0211	0x0087      	MOVWF      PORTC
;MyProject.c,211 :: 		delay_ms(10);
0x0212	0x301A      	MOVLW      26
0x0213	0x00FC      	MOVWF      R12
0x0214	0x30F8      	MOVLW      248
0x0215	0x00FD      	MOVWF      R13
L_Manuel74:
0x0216	0x0BFD      	DECFSZ     R13, 1
0x0217	0x2A16      	GOTO       L_Manuel74
0x0218	0x0BFC      	DECFSZ     R12, 1
0x0219	0x2A16      	GOTO       L_Manuel74
0x021A	0x0000      	NOP
;MyProject.c,184 :: 		for(j=0;j<=25;j++){
0x021B	0x0AAE      	INCF       _j, 1
;MyProject.c,212 :: 		}
0x021C	0x29BF      	GOTO       L_Manuel68
L_Manuel69:
;MyProject.c,183 :: 		for(i=3;i>=1;i--){
0x021D	0x03AD      	DECF       _i, 1
;MyProject.c,213 :: 		}
0x021E	0x29B6      	GOTO       L_Manuel65
L_Manuel66:
;MyProject.c,214 :: 		k=0;
0x021F	0x01A8      	CLRF       _k
;MyProject.c,215 :: 		break;
0x0220	0x2A31      	GOTO       L_Manuel50
;MyProject.c,216 :: 		}
L_Manuel49:
0x0221	0x0828      	MOVF       _k, 0
0x0222	0x3A00      	XORLW      0
0x0223	0x1903      	BTFSC      STATUS, 2
0x0224	0x2944      	GOTO       L_Manuel51
0x0225	0x0828      	MOVF       _k, 0
0x0226	0x3A01      	XORLW      1
0x0227	0x1903      	BTFSC      STATUS, 2
0x0228	0x2945      	GOTO       L_Manuel52
0x0229	0x0828      	MOVF       _k, 0
0x022A	0x3A02      	XORLW      2
0x022B	0x1903      	BTFSC      STATUS, 2
0x022C	0x29B3      	GOTO       L_Manuel63
0x022D	0x0828      	MOVF       _k, 0
0x022E	0x3A03      	XORLW      3
0x022F	0x1903      	BTFSC      STATUS, 2
0x0230	0x29B4      	GOTO       L_Manuel64
L_Manuel50:
;MyProject.c,217 :: 		}
L_Manuel48:
;MyProject.c,218 :: 		}
L_end_Manuel:
0x0231	0x0008      	RETURN
; end of _Manuel
_AUTOMATIC:
;MyProject.c,9 :: 		void AUTOMATIC (){
;MyProject.c,10 :: 		portd=mode[0];
0x0232	0x1283      	BCF        STATUS, 5
0x0233	0x1303      	BCF        STATUS, 6
0x0234	0x0829      	MOVF       _mode, 0
0x0235	0x0088      	MOVWF      PORTD
;MyProject.c,11 :: 		for(i=15;i>=4;i--){
0x0236	0x300F      	MOVLW      15
0x0237	0x00AD      	MOVWF      _i
L_AUTOMATIC0:
0x0238	0x3080      	MOVLW      128
0x0239	0x062D      	XORWF      _i, 0
0x023A	0x00F0      	MOVWF      R0
0x023B	0x3080      	MOVLW      128
0x023C	0x3A04      	XORLW      4
0x023D	0x0270      	SUBWF      R0, 0
0x023E	0x1C03      	BTFSS      STATUS, 0
0x023F	0x2AB9      	GOTO       L_AUTOMATIC1
;MyProject.c,12 :: 		for(j=0;j<25&&man_auto==0;j++){
0x0240	0x01AE      	CLRF       _j
L_AUTOMATIC3:
0x0241	0x3080      	MOVLW      128
0x0242	0x062E      	XORWF      _j, 0
0x0243	0x00F0      	MOVWF      R0
0x0244	0x3080      	MOVLW      128
0x0245	0x3A19      	XORLW      25
0x0246	0x0270      	SUBWF      R0, 0
0x0247	0x1803      	BTFSC      STATUS, 0
0x0248	0x2AB7      	GOTO       L_AUTOMATIC4
0x0249	0x1886      	BTFSC      PORTB, 1
0x024A	0x2AB7      	GOTO       L_AUTOMATIC4
L__AUTOMATIC85:
;MyProject.c,13 :: 		west_right=0;
0x024B	0x1206      	BCF        PORTB, 4
;MyProject.c,14 :: 		west_left=1;
0x024C	0x1686      	BSF        PORTB, 5
;MyProject.c,15 :: 		south_right=1;
0x024D	0x1706      	BSF        PORTB, 6
;MyProject.c,16 :: 		south_left=1;
0x024E	0x1786      	BSF        PORTB, 7
;MyProject.c,17 :: 		portc=i/10;
0x024F	0x300A      	MOVLW      10
0x0250	0x00F4      	MOVWF      R4
0x0251	0x082D      	MOVF       _i, 0
0x0252	0x00F0      	MOVWF      R0
0x0253	0x20D9      	CALL       _Div_8X8_S
0x0254	0x0870      	MOVF       R0, 0
0x0255	0x0087      	MOVWF      PORTC
;MyProject.c,18 :: 		delay_ms(10);
0x0256	0x301A      	MOVLW      26
0x0257	0x00FC      	MOVWF      R12
0x0258	0x30F8      	MOVLW      248
0x0259	0x00FD      	MOVWF      R13
L_AUTOMATIC8:
0x025A	0x0BFD      	DECFSZ     R13, 1
0x025B	0x2A5A      	GOTO       L_AUTOMATIC8
0x025C	0x0BFC      	DECFSZ     R12, 1
0x025D	0x2A5A      	GOTO       L_AUTOMATIC8
0x025E	0x0000      	NOP
;MyProject.c,20 :: 		west_right=1;
0x025F	0x1606      	BSF        PORTB, 4
;MyProject.c,21 :: 		west_left=0;
0x0260	0x1286      	BCF        PORTB, 5
;MyProject.c,22 :: 		south_right=1;
0x0261	0x1706      	BSF        PORTB, 6
;MyProject.c,23 :: 		south_left=1;
0x0262	0x1786      	BSF        PORTB, 7
;MyProject.c,24 :: 		portc=i%10;
0x0263	0x300A      	MOVLW      10
0x0264	0x00F4      	MOVWF      R4
0x0265	0x082D      	MOVF       _i, 0
0x0266	0x00F0      	MOVWF      R0
0x0267	0x20D9      	CALL       _Div_8X8_S
0x0268	0x0878      	MOVF       R8, 0
0x0269	0x00F0      	MOVWF      R0
0x026A	0x0870      	MOVF       R0, 0
0x026B	0x0087      	MOVWF      PORTC
;MyProject.c,25 :: 		delay_ms(10);
0x026C	0x301A      	MOVLW      26
0x026D	0x00FC      	MOVWF      R12
0x026E	0x30F8      	MOVLW      248
0x026F	0x00FD      	MOVWF      R13
L_AUTOMATIC9:
0x0270	0x0BFD      	DECFSZ     R13, 1
0x0271	0x2A70      	GOTO       L_AUTOMATIC9
0x0272	0x0BFC      	DECFSZ     R12, 1
0x0273	0x2A70      	GOTO       L_AUTOMATIC9
0x0274	0x0000      	NOP
;MyProject.c,27 :: 		west_right=1;
0x0275	0x1606      	BSF        PORTB, 4
;MyProject.c,28 :: 		west_left=1;
0x0276	0x1686      	BSF        PORTB, 5
;MyProject.c,29 :: 		south_right=0;
0x0277	0x1306      	BCF        PORTB, 6
;MyProject.c,30 :: 		south_left=1;
0x0278	0x1786      	BSF        PORTB, 7
;MyProject.c,31 :: 		portc=(i-3)/10;
0x0279	0x3003      	MOVLW      3
0x027A	0x022D      	SUBWF      _i, 0
0x027B	0x00F0      	MOVWF      R0
0x027C	0x01F1      	CLRF       R0+1
0x027D	0x1C03      	BTFSS      STATUS, 0
0x027E	0x03F1      	DECF       R0+1, 1
0x027F	0x3000      	MOVLW      0
0x0280	0x1BAD      	BTFSC      _i, 7
0x0281	0x30FF      	MOVLW      255
0x0282	0x07F1      	ADDWF      R0+1, 1
0x0283	0x300A      	MOVLW      10
0x0284	0x00F4      	MOVWF      R4
0x0285	0x3000      	MOVLW      0
0x0286	0x00F5      	MOVWF      R4+1
0x0287	0x2069      	CALL       _Div_16x16_S
0x0288	0x0870      	MOVF       R0, 0
0x0289	0x0087      	MOVWF      PORTC
;MyProject.c,32 :: 		delay_ms(10);
0x028A	0x301A      	MOVLW      26
0x028B	0x00FC      	MOVWF      R12
0x028C	0x30F8      	MOVLW      248
0x028D	0x00FD      	MOVWF      R13
L_AUTOMATIC10:
0x028E	0x0BFD      	DECFSZ     R13, 1
0x028F	0x2A8E      	GOTO       L_AUTOMATIC10
0x0290	0x0BFC      	DECFSZ     R12, 1
0x0291	0x2A8E      	GOTO       L_AUTOMATIC10
0x0292	0x0000      	NOP
;MyProject.c,34 :: 		west_right=1;
0x0293	0x1606      	BSF        PORTB, 4
;MyProject.c,35 :: 		west_left=1;
0x0294	0x1686      	BSF        PORTB, 5
;MyProject.c,36 :: 		south_right=1;
0x0295	0x1706      	BSF        PORTB, 6
;MyProject.c,37 :: 		south_left=0;
0x0296	0x1386      	BCF        PORTB, 7
;MyProject.c,38 :: 		portc=(i-3)%10;
0x0297	0x3003      	MOVLW      3
0x0298	0x022D      	SUBWF      _i, 0
0x0299	0x00F0      	MOVWF      R0
0x029A	0x01F1      	CLRF       R0+1
0x029B	0x1C03      	BTFSS      STATUS, 0
0x029C	0x03F1      	DECF       R0+1, 1
0x029D	0x3000      	MOVLW      0
0x029E	0x1BAD      	BTFSC      _i, 7
0x029F	0x30FF      	MOVLW      255
0x02A0	0x07F1      	ADDWF      R0+1, 1
0x02A1	0x300A      	MOVLW      10
0x02A2	0x00F4      	MOVWF      R4
0x02A3	0x3000      	MOVLW      0
0x02A4	0x00F5      	MOVWF      R4+1
0x02A5	0x2069      	CALL       _Div_16x16_S
0x02A6	0x0878      	MOVF       R8, 0
0x02A7	0x00F0      	MOVWF      R0
0x02A8	0x0879      	MOVF       R8+1, 0
0x02A9	0x00F1      	MOVWF      R0+1
0x02AA	0x0870      	MOVF       R0, 0
0x02AB	0x0087      	MOVWF      PORTC
;MyProject.c,39 :: 		delay_ms(10);
0x02AC	0x301A      	MOVLW      26
0x02AD	0x00FC      	MOVWF      R12
0x02AE	0x30F8      	MOVLW      248
0x02AF	0x00FD      	MOVWF      R13
L_AUTOMATIC11:
0x02B0	0x0BFD      	DECFSZ     R13, 1
0x02B1	0x2AB0      	GOTO       L_AUTOMATIC11
0x02B2	0x0BFC      	DECFSZ     R12, 1
0x02B3	0x2AB0      	GOTO       L_AUTOMATIC11
0x02B4	0x0000      	NOP
;MyProject.c,12 :: 		for(j=0;j<25&&man_auto==0;j++){
0x02B5	0x0AAE      	INCF       _j, 1
;MyProject.c,40 :: 		}
0x02B6	0x2A41      	GOTO       L_AUTOMATIC3
L_AUTOMATIC4:
;MyProject.c,11 :: 		for(i=15;i>=4;i--){
0x02B7	0x03AD      	DECF       _i, 1
;MyProject.c,41 :: 		}
0x02B8	0x2A38      	GOTO       L_AUTOMATIC0
L_AUTOMATIC1:
;MyProject.c,42 :: 		portd=mode[1];
0x02B9	0x082A      	MOVF       _mode+1, 0
0x02BA	0x0088      	MOVWF      PORTD
;MyProject.c,43 :: 		for(i=3;i>=1;i--){
0x02BB	0x3003      	MOVLW      3
0x02BC	0x00AD      	MOVWF      _i
L_AUTOMATIC12:
0x02BD	0x3080      	MOVLW      128
0x02BE	0x062D      	XORWF      _i, 0
0x02BF	0x00F0      	MOVWF      R0
0x02C0	0x3080      	MOVLW      128
0x02C1	0x3A01      	XORLW      1
0x02C2	0x0270      	SUBWF      R0, 0
0x02C3	0x1C03      	BTFSS      STATUS, 0
0x02C4	0x2B28      	GOTO       L_AUTOMATIC13
;MyProject.c,44 :: 		for(j=0;j<25&&man_auto==0;j++){
0x02C5	0x01AE      	CLRF       _j
L_AUTOMATIC15:
0x02C6	0x3080      	MOVLW      128
0x02C7	0x062E      	XORWF      _j, 0
0x02C8	0x00F0      	MOVWF      R0
0x02C9	0x3080      	MOVLW      128
0x02CA	0x3A19      	XORLW      25
0x02CB	0x0270      	SUBWF      R0, 0
0x02CC	0x1803      	BTFSC      STATUS, 0
0x02CD	0x2B26      	GOTO       L_AUTOMATIC16
0x02CE	0x1886      	BTFSC      PORTB, 1
0x02CF	0x2B26      	GOTO       L_AUTOMATIC16
L__AUTOMATIC84:
;MyProject.c,45 :: 		west_right=0;
0x02D0	0x1206      	BCF        PORTB, 4
;MyProject.c,46 :: 		west_left=1;
0x02D1	0x1686      	BSF        PORTB, 5
;MyProject.c,47 :: 		south_right=1;
0x02D2	0x1706      	BSF        PORTB, 6
;MyProject.c,48 :: 		south_left=1;
0x02D3	0x1786      	BSF        PORTB, 7
;MyProject.c,49 :: 		portc=i/10;
0x02D4	0x300A      	MOVLW      10
0x02D5	0x00F4      	MOVWF      R4
0x02D6	0x082D      	MOVF       _i, 0
0x02D7	0x00F0      	MOVWF      R0
0x02D8	0x20D9      	CALL       _Div_8X8_S
0x02D9	0x0870      	MOVF       R0, 0
0x02DA	0x0087      	MOVWF      PORTC
;MyProject.c,50 :: 		delay_ms(10);
0x02DB	0x301A      	MOVLW      26
0x02DC	0x00FC      	MOVWF      R12
0x02DD	0x30F8      	MOVLW      248
0x02DE	0x00FD      	MOVWF      R13
L_AUTOMATIC20:
0x02DF	0x0BFD      	DECFSZ     R13, 1
0x02E0	0x2ADF      	GOTO       L_AUTOMATIC20
0x02E1	0x0BFC      	DECFSZ     R12, 1
0x02E2	0x2ADF      	GOTO       L_AUTOMATIC20
0x02E3	0x0000      	NOP
;MyProject.c,52 :: 		west_right=1;
0x02E4	0x1606      	BSF        PORTB, 4
;MyProject.c,53 :: 		west_left=0;
0x02E5	0x1286      	BCF        PORTB, 5
;MyProject.c,54 :: 		south_right=1;
0x02E6	0x1706      	BSF        PORTB, 6
;MyProject.c,55 :: 		south_left=1;
0x02E7	0x1786      	BSF        PORTB, 7
;MyProject.c,56 :: 		portc=i%10;
0x02E8	0x300A      	MOVLW      10
0x02E9	0x00F4      	MOVWF      R4
0x02EA	0x082D      	MOVF       _i, 0
0x02EB	0x00F0      	MOVWF      R0
0x02EC	0x20D9      	CALL       _Div_8X8_S
0x02ED	0x0878      	MOVF       R8, 0
0x02EE	0x00F0      	MOVWF      R0
0x02EF	0x0870      	MOVF       R0, 0
0x02F0	0x0087      	MOVWF      PORTC
;MyProject.c,57 :: 		delay_ms(10);
0x02F1	0x301A      	MOVLW      26
0x02F2	0x00FC      	MOVWF      R12
0x02F3	0x30F8      	MOVLW      248
0x02F4	0x00FD      	MOVWF      R13
L_AUTOMATIC21:
0x02F5	0x0BFD      	DECFSZ     R13, 1
0x02F6	0x2AF5      	GOTO       L_AUTOMATIC21
0x02F7	0x0BFC      	DECFSZ     R12, 1
0x02F8	0x2AF5      	GOTO       L_AUTOMATIC21
0x02F9	0x0000      	NOP
;MyProject.c,59 :: 		west_right=1;
0x02FA	0x1606      	BSF        PORTB, 4
;MyProject.c,60 :: 		west_left=1;
0x02FB	0x1686      	BSF        PORTB, 5
;MyProject.c,61 :: 		south_right=0;
0x02FC	0x1306      	BCF        PORTB, 6
;MyProject.c,62 :: 		south_left=1;
0x02FD	0x1786      	BSF        PORTB, 7
;MyProject.c,63 :: 		portc=(i)/10;
0x02FE	0x300A      	MOVLW      10
0x02FF	0x00F4      	MOVWF      R4
0x0300	0x082D      	MOVF       _i, 0
0x0301	0x00F0      	MOVWF      R0
0x0302	0x20D9      	CALL       _Div_8X8_S
0x0303	0x0870      	MOVF       R0, 0
0x0304	0x0087      	MOVWF      PORTC
;MyProject.c,64 :: 		delay_ms(10);
0x0305	0x301A      	MOVLW      26
0x0306	0x00FC      	MOVWF      R12
0x0307	0x30F8      	MOVLW      248
0x0308	0x00FD      	MOVWF      R13
L_AUTOMATIC22:
0x0309	0x0BFD      	DECFSZ     R13, 1
0x030A	0x2B09      	GOTO       L_AUTOMATIC22
0x030B	0x0BFC      	DECFSZ     R12, 1
0x030C	0x2B09      	GOTO       L_AUTOMATIC22
0x030D	0x0000      	NOP
;MyProject.c,66 :: 		west_right=1;
0x030E	0x1606      	BSF        PORTB, 4
;MyProject.c,67 :: 		west_left=1;
0x030F	0x1686      	BSF        PORTB, 5
;MyProject.c,68 :: 		south_right=1;
0x0310	0x1706      	BSF        PORTB, 6
;MyProject.c,69 :: 		south_left=0;
0x0311	0x1386      	BCF        PORTB, 7
;MyProject.c,70 :: 		portc=(i)%10;
0x0312	0x300A      	MOVLW      10
0x0313	0x00F4      	MOVWF      R4
0x0314	0x082D      	MOVF       _i, 0
0x0315	0x00F0      	MOVWF      R0
0x0316	0x20D9      	CALL       _Div_8X8_S
0x0317	0x0878      	MOVF       R8, 0
0x0318	0x00F0      	MOVWF      R0
0x0319	0x0870      	MOVF       R0, 0
0x031A	0x0087      	MOVWF      PORTC
;MyProject.c,71 :: 		delay_ms(10);
0x031B	0x301A      	MOVLW      26
0x031C	0x00FC      	MOVWF      R12
0x031D	0x30F8      	MOVLW      248
0x031E	0x00FD      	MOVWF      R13
L_AUTOMATIC23:
0x031F	0x0BFD      	DECFSZ     R13, 1
0x0320	0x2B1F      	GOTO       L_AUTOMATIC23
0x0321	0x0BFC      	DECFSZ     R12, 1
0x0322	0x2B1F      	GOTO       L_AUTOMATIC23
0x0323	0x0000      	NOP
;MyProject.c,44 :: 		for(j=0;j<25&&man_auto==0;j++){
0x0324	0x0AAE      	INCF       _j, 1
;MyProject.c,72 :: 		}
0x0325	0x2AC6      	GOTO       L_AUTOMATIC15
L_AUTOMATIC16:
;MyProject.c,43 :: 		for(i=3;i>=1;i--){
0x0326	0x03AD      	DECF       _i, 1
;MyProject.c,73 :: 		}
0x0327	0x2ABD      	GOTO       L_AUTOMATIC12
L_AUTOMATIC13:
;MyProject.c,74 :: 		portd=mode[2];
0x0328	0x082B      	MOVF       _mode+2, 0
0x0329	0x0088      	MOVWF      PORTD
;MyProject.c,75 :: 		for(i=23;i>=4;i--){
0x032A	0x3017      	MOVLW      23
0x032B	0x00AD      	MOVWF      _i
L_AUTOMATIC24:
0x032C	0x3080      	MOVLW      128
0x032D	0x062D      	XORWF      _i, 0
0x032E	0x00F0      	MOVWF      R0
0x032F	0x3080      	MOVLW      128
0x0330	0x3A04      	XORLW      4
0x0331	0x0270      	SUBWF      R0, 0
0x0332	0x1C03      	BTFSS      STATUS, 0
0x0333	0x2BAD      	GOTO       L_AUTOMATIC25
;MyProject.c,76 :: 		for(j=0;j<=25&&man_auto==0;j++){
0x0334	0x01AE      	CLRF       _j
L_AUTOMATIC27:
0x0335	0x3080      	MOVLW      128
0x0336	0x3A19      	XORLW      25
0x0337	0x00F0      	MOVWF      R0
0x0338	0x3080      	MOVLW      128
0x0339	0x062E      	XORWF      _j, 0
0x033A	0x0270      	SUBWF      R0, 0
0x033B	0x1C03      	BTFSS      STATUS, 0
0x033C	0x2BAB      	GOTO       L_AUTOMATIC28
0x033D	0x1886      	BTFSC      PORTB, 1
0x033E	0x2BAB      	GOTO       L_AUTOMATIC28
L__AUTOMATIC83:
;MyProject.c,77 :: 		west_right=0;
0x033F	0x1206      	BCF        PORTB, 4
;MyProject.c,78 :: 		west_left=1;
0x0340	0x1686      	BSF        PORTB, 5
;MyProject.c,79 :: 		south_right=1;
0x0341	0x1706      	BSF        PORTB, 6
;MyProject.c,80 :: 		south_left=1;
0x0342	0x1786      	BSF        PORTB, 7
;MyProject.c,81 :: 		portc=(i-3)/10;
0x0343	0x3003      	MOVLW      3
0x0344	0x022D      	SUBWF      _i, 0
0x0345	0x00F0      	MOVWF      R0
0x0346	0x01F1      	CLRF       R0+1
0x0347	0x1C03      	BTFSS      STATUS, 0
0x0348	0x03F1      	DECF       R0+1, 1
0x0349	0x3000      	MOVLW      0
0x034A	0x1BAD      	BTFSC      _i, 7
0x034B	0x30FF      	MOVLW      255
0x034C	0x07F1      	ADDWF      R0+1, 1
0x034D	0x300A      	MOVLW      10
0x034E	0x00F4      	MOVWF      R4
0x034F	0x3000      	MOVLW      0
0x0350	0x00F5      	MOVWF      R4+1
0x0351	0x2069      	CALL       _Div_16x16_S
0x0352	0x0870      	MOVF       R0, 0
0x0353	0x0087      	MOVWF      PORTC
;MyProject.c,82 :: 		delay_ms(10);
0x0354	0x301A      	MOVLW      26
0x0355	0x00FC      	MOVWF      R12
0x0356	0x30F8      	MOVLW      248
0x0357	0x00FD      	MOVWF      R13
L_AUTOMATIC32:
0x0358	0x0BFD      	DECFSZ     R13, 1
0x0359	0x2B58      	GOTO       L_AUTOMATIC32
0x035A	0x0BFC      	DECFSZ     R12, 1
0x035B	0x2B58      	GOTO       L_AUTOMATIC32
0x035C	0x0000      	NOP
;MyProject.c,84 :: 		west_right=1;
0x035D	0x1606      	BSF        PORTB, 4
;MyProject.c,85 :: 		west_left=0;
0x035E	0x1286      	BCF        PORTB, 5
;MyProject.c,86 :: 		south_right=1;
0x035F	0x1706      	BSF        PORTB, 6
;MyProject.c,87 :: 		south_left=1;
0x0360	0x1786      	BSF        PORTB, 7
;MyProject.c,88 :: 		portc=(i-3)%10;
0x0361	0x3003      	MOVLW      3
0x0362	0x022D      	SUBWF      _i, 0
0x0363	0x00F0      	MOVWF      R0
0x0364	0x01F1      	CLRF       R0+1
0x0365	0x1C03      	BTFSS      STATUS, 0
0x0366	0x03F1      	DECF       R0+1, 1
0x0367	0x3000      	MOVLW      0
0x0368	0x1BAD      	BTFSC      _i, 7
0x0369	0x30FF      	MOVLW      255
0x036A	0x07F1      	ADDWF      R0+1, 1
0x036B	0x300A      	MOVLW      10
0x036C	0x00F4      	MOVWF      R4
0x036D	0x3000      	MOVLW      0
0x036E	0x00F5      	MOVWF      R4+1
0x036F	0x2069      	CALL       _Div_16x16_S
0x0370	0x0878      	MOVF       R8, 0
0x0371	0x00F0      	MOVWF      R0
0x0372	0x0879      	MOVF       R8+1, 0
0x0373	0x00F1      	MOVWF      R0+1
0x0374	0x0870      	MOVF       R0, 0
0x0375	0x0087      	MOVWF      PORTC
;MyProject.c,89 :: 		delay_ms(10);
0x0376	0x301A      	MOVLW      26
0x0377	0x00FC      	MOVWF      R12
0x0378	0x30F8      	MOVLW      248
0x0379	0x00FD      	MOVWF      R13
L_AUTOMATIC33:
0x037A	0x0BFD      	DECFSZ     R13, 1
0x037B	0x2B7A      	GOTO       L_AUTOMATIC33
0x037C	0x0BFC      	DECFSZ     R12, 1
0x037D	0x2B7A      	GOTO       L_AUTOMATIC33
0x037E	0x0000      	NOP
;MyProject.c,91 :: 		west_right=1;
0x037F	0x1606      	BSF        PORTB, 4
;MyProject.c,92 :: 		west_left=1;
0x0380	0x1686      	BSF        PORTB, 5
;MyProject.c,93 :: 		south_right=0;
0x0381	0x1306      	BCF        PORTB, 6
;MyProject.c,94 :: 		south_left=1;
0x0382	0x1786      	BSF        PORTB, 7
;MyProject.c,95 :: 		portc=i/10;
0x0383	0x300A      	MOVLW      10
0x0384	0x00F4      	MOVWF      R4
0x0385	0x082D      	MOVF       _i, 0
0x0386	0x00F0      	MOVWF      R0
0x0387	0x20D9      	CALL       _Div_8X8_S
0x0388	0x0870      	MOVF       R0, 0
0x0389	0x0087      	MOVWF      PORTC
;MyProject.c,96 :: 		delay_ms(10);
0x038A	0x301A      	MOVLW      26
0x038B	0x00FC      	MOVWF      R12
0x038C	0x30F8      	MOVLW      248
0x038D	0x00FD      	MOVWF      R13
L_AUTOMATIC34:
0x038E	0x0BFD      	DECFSZ     R13, 1
0x038F	0x2B8E      	GOTO       L_AUTOMATIC34
0x0390	0x0BFC      	DECFSZ     R12, 1
0x0391	0x2B8E      	GOTO       L_AUTOMATIC34
0x0392	0x0000      	NOP
;MyProject.c,98 :: 		west_right=1;
0x0393	0x1606      	BSF        PORTB, 4
;MyProject.c,99 :: 		west_left=1;
0x0394	0x1686      	BSF        PORTB, 5
;MyProject.c,100 :: 		south_right=1;
0x0395	0x1706      	BSF        PORTB, 6
;MyProject.c,101 :: 		south_left=0;
0x0396	0x1386      	BCF        PORTB, 7
;MyProject.c,102 :: 		portc=i%10;
0x0397	0x300A      	MOVLW      10
0x0398	0x00F4      	MOVWF      R4
0x0399	0x082D      	MOVF       _i, 0
0x039A	0x00F0      	MOVWF      R0
0x039B	0x20D9      	CALL       _Div_8X8_S
0x039C	0x0878      	MOVF       R8, 0
0x039D	0x00F0      	MOVWF      R0
0x039E	0x0870      	MOVF       R0, 0
0x039F	0x0087      	MOVWF      PORTC
;MyProject.c,103 :: 		delay_ms(10);
0x03A0	0x301A      	MOVLW      26
0x03A1	0x00FC      	MOVWF      R12
0x03A2	0x30F8      	MOVLW      248
0x03A3	0x00FD      	MOVWF      R13
L_AUTOMATIC35:
0x03A4	0x0BFD      	DECFSZ     R13, 1
0x03A5	0x2BA4      	GOTO       L_AUTOMATIC35
0x03A6	0x0BFC      	DECFSZ     R12, 1
0x03A7	0x2BA4      	GOTO       L_AUTOMATIC35
0x03A8	0x0000      	NOP
;MyProject.c,76 :: 		for(j=0;j<=25&&man_auto==0;j++){
0x03A9	0x0AAE      	INCF       _j, 1
;MyProject.c,104 :: 		}
0x03AA	0x2B35      	GOTO       L_AUTOMATIC27
L_AUTOMATIC28:
;MyProject.c,75 :: 		for(i=23;i>=4;i--){
0x03AB	0x03AD      	DECF       _i, 1
;MyProject.c,105 :: 		}
0x03AC	0x2B2C      	GOTO       L_AUTOMATIC24
L_AUTOMATIC25:
;MyProject.c,106 :: 		portd=mode[3];
0x03AD	0x082C      	MOVF       _mode+3, 0
0x03AE	0x0088      	MOVWF      PORTD
;MyProject.c,107 :: 		for(i=3;i>=1;i--){
0x03AF	0x3003      	MOVLW      3
0x03B0	0x00AD      	MOVWF      _i
L_AUTOMATIC36:
0x03B1	0x3080      	MOVLW      128
0x03B2	0x062D      	XORWF      _i, 0
0x03B3	0x00F0      	MOVWF      R0
0x03B4	0x3080      	MOVLW      128
0x03B5	0x3A01      	XORLW      1
0x03B6	0x0270      	SUBWF      R0, 0
0x03B7	0x1C03      	BTFSS      STATUS, 0
0x03B8	0x2C1C      	GOTO       L_AUTOMATIC37
;MyProject.c,108 :: 		for(j=0;j<=25&&man_auto==0;j++){
0x03B9	0x01AE      	CLRF       _j
L_AUTOMATIC39:
0x03BA	0x3080      	MOVLW      128
0x03BB	0x3A19      	XORLW      25
0x03BC	0x00F0      	MOVWF      R0
0x03BD	0x3080      	MOVLW      128
0x03BE	0x062E      	XORWF      _j, 0
0x03BF	0x0270      	SUBWF      R0, 0
0x03C0	0x1C03      	BTFSS      STATUS, 0
0x03C1	0x2C1A      	GOTO       L_AUTOMATIC40
0x03C2	0x1886      	BTFSC      PORTB, 1
0x03C3	0x2C1A      	GOTO       L_AUTOMATIC40
L__AUTOMATIC82:
;MyProject.c,109 :: 		west_right=0;
0x03C4	0x1206      	BCF        PORTB, 4
;MyProject.c,110 :: 		west_left=1;
0x03C5	0x1686      	BSF        PORTB, 5
;MyProject.c,111 :: 		south_right=1;
0x03C6	0x1706      	BSF        PORTB, 6
;MyProject.c,112 :: 		south_left=1;
0x03C7	0x1786      	BSF        PORTB, 7
;MyProject.c,113 :: 		portc=(i)/10;
0x03C8	0x300A      	MOVLW      10
0x03C9	0x00F4      	MOVWF      R4
0x03CA	0x082D      	MOVF       _i, 0
0x03CB	0x00F0      	MOVWF      R0
0x03CC	0x20D9      	CALL       _Div_8X8_S
0x03CD	0x0870      	MOVF       R0, 0
0x03CE	0x0087      	MOVWF      PORTC
;MyProject.c,114 :: 		delay_ms(10);
0x03CF	0x301A      	MOVLW      26
0x03D0	0x00FC      	MOVWF      R12
0x03D1	0x30F8      	MOVLW      248
0x03D2	0x00FD      	MOVWF      R13
L_AUTOMATIC44:
0x03D3	0x0BFD      	DECFSZ     R13, 1
0x03D4	0x2BD3      	GOTO       L_AUTOMATIC44
0x03D5	0x0BFC      	DECFSZ     R12, 1
0x03D6	0x2BD3      	GOTO       L_AUTOMATIC44
0x03D7	0x0000      	NOP
;MyProject.c,116 :: 		west_right=1;
0x03D8	0x1606      	BSF        PORTB, 4
;MyProject.c,117 :: 		west_left=0;
0x03D9	0x1286      	BCF        PORTB, 5
;MyProject.c,118 :: 		south_right=1;
0x03DA	0x1706      	BSF        PORTB, 6
;MyProject.c,119 :: 		south_left=1;
0x03DB	0x1786      	BSF        PORTB, 7
;MyProject.c,120 :: 		portc=(i)%10;
0x03DC	0x300A      	MOVLW      10
0x03DD	0x00F4      	MOVWF      R4
0x03DE	0x082D      	MOVF       _i, 0
0x03DF	0x00F0      	MOVWF      R0
0x03E0	0x20D9      	CALL       _Div_8X8_S
0x03E1	0x0878      	MOVF       R8, 0
0x03E2	0x00F0      	MOVWF      R0
0x03E3	0x0870      	MOVF       R0, 0
0x03E4	0x0087      	MOVWF      PORTC
;MyProject.c,121 :: 		delay_ms(10);
0x03E5	0x301A      	MOVLW      26
0x03E6	0x00FC      	MOVWF      R12
0x03E7	0x30F8      	MOVLW      248
0x03E8	0x00FD      	MOVWF      R13
L_AUTOMATIC45:
0x03E9	0x0BFD      	DECFSZ     R13, 1
0x03EA	0x2BE9      	GOTO       L_AUTOMATIC45
0x03EB	0x0BFC      	DECFSZ     R12, 1
0x03EC	0x2BE9      	GOTO       L_AUTOMATIC45
0x03ED	0x0000      	NOP
;MyProject.c,123 :: 		west_right=1;
0x03EE	0x1606      	BSF        PORTB, 4
;MyProject.c,124 :: 		west_left=1;
0x03EF	0x1686      	BSF        PORTB, 5
;MyProject.c,125 :: 		south_right=0;
0x03F0	0x1306      	BCF        PORTB, 6
;MyProject.c,126 :: 		south_left=1;
0x03F1	0x1786      	BSF        PORTB, 7
;MyProject.c,127 :: 		portc=i/10;
0x03F2	0x300A      	MOVLW      10
0x03F3	0x00F4      	MOVWF      R4
0x03F4	0x082D      	MOVF       _i, 0
0x03F5	0x00F0      	MOVWF      R0
0x03F6	0x20D9      	CALL       _Div_8X8_S
0x03F7	0x0870      	MOVF       R0, 0
0x03F8	0x0087      	MOVWF      PORTC
;MyProject.c,128 :: 		delay_ms(10);
0x03F9	0x301A      	MOVLW      26
0x03FA	0x00FC      	MOVWF      R12
0x03FB	0x30F8      	MOVLW      248
0x03FC	0x00FD      	MOVWF      R13
L_AUTOMATIC46:
0x03FD	0x0BFD      	DECFSZ     R13, 1
0x03FE	0x2BFD      	GOTO       L_AUTOMATIC46
0x03FF	0x0BFC      	DECFSZ     R12, 1
0x0400	0x2BFD      	GOTO       L_AUTOMATIC46
0x0401	0x0000      	NOP
;MyProject.c,130 :: 		west_right=1;
0x0402	0x1606      	BSF        PORTB, 4
;MyProject.c,131 :: 		west_left=1;
0x0403	0x1686      	BSF        PORTB, 5
;MyProject.c,132 :: 		south_right=1;
0x0404	0x1706      	BSF        PORTB, 6
;MyProject.c,133 :: 		south_left=0;
0x0405	0x1386      	BCF        PORTB, 7
;MyProject.c,134 :: 		portc=i%10;
0x0406	0x300A      	MOVLW      10
0x0407	0x00F4      	MOVWF      R4
0x0408	0x082D      	MOVF       _i, 0
0x0409	0x00F0      	MOVWF      R0
0x040A	0x20D9      	CALL       _Div_8X8_S
0x040B	0x0878      	MOVF       R8, 0
0x040C	0x00F0      	MOVWF      R0
0x040D	0x0870      	MOVF       R0, 0
0x040E	0x0087      	MOVWF      PORTC
;MyProject.c,135 :: 		delay_ms(10);
0x040F	0x301A      	MOVLW      26
0x0410	0x00FC      	MOVWF      R12
0x0411	0x30F8      	MOVLW      248
0x0412	0x00FD      	MOVWF      R13
L_AUTOMATIC47:
0x0413	0x0BFD      	DECFSZ     R13, 1
0x0414	0x2C13      	GOTO       L_AUTOMATIC47
0x0415	0x0BFC      	DECFSZ     R12, 1
0x0416	0x2C13      	GOTO       L_AUTOMATIC47
0x0417	0x0000      	NOP
;MyProject.c,108 :: 		for(j=0;j<=25&&man_auto==0;j++){
0x0418	0x0AAE      	INCF       _j, 1
;MyProject.c,136 :: 		}
0x0419	0x2BBA      	GOTO       L_AUTOMATIC39
L_AUTOMATIC40:
;MyProject.c,107 :: 		for(i=3;i>=1;i--){
0x041A	0x03AD      	DECF       _i, 1
;MyProject.c,137 :: 		}
0x041B	0x2BB1      	GOTO       L_AUTOMATIC36
L_AUTOMATIC37:
;MyProject.c,138 :: 		}
L_end_AUTOMATIC:
0x041C	0x0008      	RETURN
; end of _AUTOMATIC
___CC2DW:
;__Lib_System.c,134 :: 		
;__Lib_System.c,137 :: 		
_CC2D_Loop1:
;__Lib_System.c,139 :: 		
0x041D	0x20D2      	CALL       _____DoICP
0x041E	0x118A      	BCF        PCLATH, 3
0x041F	0x120A      	BCF        PCLATH, 4
;__Lib_System.c,141 :: 		
0x0420	0x0080      	MOVWF      INDF
;__Lib_System.c,142 :: 		
0x0421	0x0A84      	INCF       FSR, 1
;__Lib_System.c,143 :: 		
0x0422	0x0AAF      	INCF       ___DoICPAddr, 1
;__Lib_System.c,145 :: 		
0x0423	0x1903      	BTFSC      STATUS, 2
;__Lib_System.c,146 :: 		
0x0424	0x0AB0      	INCF       ___DoICPAddr+1, 1
;__Lib_System.c,147 :: 		
0x0425	0x03F0      	DECF       R0, 1
;__Lib_System.c,149 :: 		
0x0426	0x1D03      	BTFSS      STATUS, 2
;__Lib_System.c,150 :: 		
0x0427	0x2C1D      	GOTO       _CC2D_Loop1
;__Lib_System.c,152 :: 		
L_end___CC2DW:
0x0428	0x0008      	RETURN
; end of ___CC2DW
_main:
0x0429	0x1283      	BCF        STATUS, 5
0x042A	0x1303      	BCF        STATUS, 6
0x042B	0x01A8      	CLRF       _k
0x042C	0x3021      	MOVLW      33
0x042D	0x00A9      	MOVWF      _mode
0x042E	0x3011      	MOVLW      17
0x042F	0x00AA      	MOVWF      42
0x0430	0x300C      	MOVLW      12
0x0431	0x00AB      	MOVWF      43
0x0432	0x300A      	MOVLW      10
0x0433	0x00AC      	MOVWF      44
;MyProject.c,228 :: 		void main() {
;MyProject.c,229 :: 		trisb=0b00000011;
0x0434	0x3003      	MOVLW      3
0x0435	0x1683      	BSF        STATUS, 5
0x0436	0x0086      	MOVWF      TRISB
;MyProject.c,230 :: 		trisc=0x00;portc=0;
0x0437	0x0187      	CLRF       TRISC
0x0438	0x1283      	BCF        STATUS, 5
0x0439	0x0187      	CLRF       PORTC
;MyProject.c,231 :: 		trisd=0x00;portd=0;
0x043A	0x1683      	BSF        STATUS, 5
0x043B	0x0188      	CLRF       TRISD
0x043C	0x1283      	BCF        STATUS, 5
0x043D	0x0188      	CLRF       PORTD
;MyProject.c,232 :: 		west_right=1;
0x043E	0x1606      	BSF        PORTB, 4
;MyProject.c,233 :: 		west_left=1;
0x043F	0x1686      	BSF        PORTB, 5
;MyProject.c,234 :: 		south_left=1;
0x0440	0x1786      	BSF        PORTB, 7
;MyProject.c,235 :: 		south_right=1;
0x0441	0x1706      	BSF        PORTB, 6
;MyProject.c,236 :: 		intedg_bit=1;
0x0442	0x1683      	BSF        STATUS, 5
0x0443	0x1701      	BSF        INTEDG_bit, BitPos(INTEDG_bit+0)
;MyProject.c,237 :: 		gie_bit=1;
0x0444	0x178B      	BSF        GIE_bit, BitPos(GIE_bit+0)
;MyProject.c,238 :: 		inte_bit=1;
0x0445	0x160B      	BSF        INTE_bit, BitPos(INTE_bit+0)
;MyProject.c,239 :: 		while(1){
L_main78:
;MyProject.c,240 :: 		if (man_auto)
0x0446	0x1283      	BCF        STATUS, 5
0x0447	0x1C86      	BTFSS      PORTB, 1
0x0448	0x2C4B      	GOTO       L_main80
;MyProject.c,241 :: 		Manuel();
0x0449	0x212A      	CALL       _Manuel
0x044A	0x2C4C      	GOTO       L_main81
L_main80:
;MyProject.c,243 :: 		Automatic();
0x044B	0x2232      	CALL       _AUTOMATIC
L_main81:
;MyProject.c,244 :: 		}
0x044C	0x2C46      	GOTO       L_main78
;MyProject.c,248 :: 		}
L_end_main:
0x044D	0x2C4D      	GOTO       $+0
; end of _main
Symbol List:
//** Routines locations **
//ADDRESS    SIZE    PROCEDURE
//----------------------------------------------
0x0004      [57]    _interrupt
0x003D      [44]    _Div_16x16_S_L
0x0069     [105]    _Div_16x16_S
0x00D2       [7]    _____DoICP
0x00D9      [81]    _Div_8X8_S
0x012A     [264]    _Manuel
0x0232     [491]    _AUTOMATIC
0x041D      [12]    ___CC2DW
0x0429      [37]    _main
//** Variables locations ** 
//ADDRESS    SIZE    VARIABLE
//----------------------------------------------
0x0000       [1]    INDF
0x0002       [1]    PCL
0x0003       [1]    STATUS
0x0004       [1]    FSR
0x0006       [1]    PORTB
0x0007       [1]    PORTC
0x0008       [1]    PORTD
0x000A       [1]    PCLATH
0x000B       [0]    INTE_bit
0x000B       [0]    GIE_bit
0x000B       [0]    INTF_bit
0x0028       [1]    _k
0x0029       [4]    _mode
0x002D       [1]    _i
0x002E       [1]    _j
0x002F       [2]    ___DoICPAddr
0x0031       [1]    ___saveSTATUS
0x0032       [1]    ___savePCLATH
0x0070       [1]    R0
0x0071       [1]    R1
0x0072       [1]    R2
0x0073       [1]    R3
0x0074       [1]    R4
0x0075       [1]    R5
0x0076       [1]    R6
0x0077       [1]    R7
0x0078       [1]    R8
0x0079       [1]    R9
0x007A       [1]    R10
0x007B       [1]    R11
0x007C       [1]    R12
0x007D       [1]    R13
0x007E       [1]    R14
0x007F       [1]    R15
0x0081       [0]    INTEDG_bit
0x0086       [1]    TRISB
0x0087       [1]    TRISC
0x0088       [1]    TRISD
//** Label List: ** 
//----------------------------------------------
  L_AUTOMATIC0
  L_AUTOMATIC1
  L_AUTOMATIC2
  L_AUTOMATIC3
  L_AUTOMATIC4
  L_AUTOMATIC5
  L_AUTOMATIC6
  L_AUTOMATIC7
  L_AUTOMATIC8
  L_AUTOMATIC9
  L_AUTOMATIC10
  L_AUTOMATIC11
  L_AUTOMATIC12
  L_AUTOMATIC13
  L_AUTOMATIC14
  L_AUTOMATIC15
  L_AUTOMATIC16
  L_AUTOMATIC17
  L_AUTOMATIC18
  L_AUTOMATIC19
  L_AUTOMATIC20
  L_AUTOMATIC21
  L_AUTOMATIC22
  L_AUTOMATIC23
  L_AUTOMATIC24
  L_AUTOMATIC25
  L_AUTOMATIC26
  L_AUTOMATIC27
  L_AUTOMATIC28
  L_AUTOMATIC29
  L_AUTOMATIC30
  L_AUTOMATIC31
  L_AUTOMATIC32
  L_AUTOMATIC33
  L_AUTOMATIC34
  L_AUTOMATIC35
  L_AUTOMATIC36
  L_AUTOMATIC37
  L_AUTOMATIC38
  L_AUTOMATIC39
  L_AUTOMATIC40
  L_AUTOMATIC41
  L_AUTOMATIC42
  L_AUTOMATIC43
  L_AUTOMATIC44
  L_AUTOMATIC45
  L_AUTOMATIC46
  L_AUTOMATIC47
  L_Manuel48
  L_Manuel49
  L_Manuel50
  L_Manuel51
  L_Manuel52
  L_Manuel53
  L_Manuel54
  L_Manuel55
  L_Manuel56
  L_Manuel57
  L_Manuel58
  L_Manuel59
  L_Manuel60
  L_Manuel61
  L_Manuel62
  L_Manuel63
  L_Manuel64
  L_Manuel65
  L_Manuel66
  L_Manuel67
  L_Manuel68
  L_Manuel69
  L_Manuel70
  L_Manuel71
  L_Manuel72
  L_Manuel73
  L_Manuel74
  L_interrupt75
  L_interrupt76
  L_interrupt77
  L_main78
  L_main79
  L_main80
  L_main81
  L__AUTOMATIC82
  L__AUTOMATIC83
  L__AUTOMATIC84
  L__AUTOMATIC85
  L_end_AUTOMATIC
  _AUTOMATIC
  L_end_Manuel
  _Manuel
  L__Manuel88
  L__Manuel89
  L__Manuel90
  L__Manuel91
  L__Manuel92
  L__Manuel93
  L_end_interrupt
  _interrupt
  L__interrupt95
  L_end_main
  _main
  L_Div_16x16_S0
  L_Div_16x16_S1
  LOOPS3232A
  SADD22LA
  SOK22LA
  SADD22L8
  SOK22L8
  LOOPS3232B
  SADD22LB
  SOK22LB
  SADD22L16
  SOK22L16
  LOOPS3232C
  SADD22LC
  SOK22LC
  SADD22L24
  SOK22L24
  LOOPS3232D
  SADD22LD
  SOK22LD
  SOK22L
  L_Div_32x32_S6
  L_Div_32x32_S7
  L_Div_32x32_S8
  L_Div_32x32_S9
  FXD3232S
  END_ALL
  CA3232S
  C3232SX
  C3232SX1
  C3232S
  C3232S2
  C3232SX4
  C3232SOK
  C3232SX3
  C3232SX2
  avoid_comfrem
  LOOPU3232A
  UADD22LA
  UOK22LA
  UADD22L8
  UOK22L8
  LOOPU3232B
  UADD22LB
  UOK22LB
  UADD22L16
  UOK22L16
  LOOPU3232C
  UADD22LC
  UOK22LC
  UADD22L24
  UOK22L24
  LOOPU3232D
  UADD22LD
  UOK22LD
  UOK22L
  _NEXT
  _EXIT2
  _LOOP
  _EXIT1
  _IF_FIRST
  _IF_SECOND
  _INVERCE_FIRST
  _MULT
  _INBERSE_SECOND
  _EXIT
  L_end_Mul_8X8_U
  _Mul_8X8_U
  L_end_Mul_16X16_U
  _Mul_16X16_U
  L_end_Div_8X8_U
  _Div_8X8_U
  L_end_Div_16X16_U
  _Div_16X16_U
  L_end_Mul_8X8_S
  _Mul_8X8_S
  L_end_Mul_16X16_S
  _Mul_16X16_S
  L_end_Div_16x16_S_L
  _Div_16x16_S_L
  L_end_Div_16x16_S
  _Div_16x16_S
  L_end_Div_8X8_S
  _Div_8X8_S
  L_end_SDIV3232L
  _SDIV3232L
  L_end_COMFREM
  _COMFREM
  L_end_Div_32x32_S
  _Div_32x32_S
  L_end_Div_32x32_U
  _Div_32x32_U
  L_end_Mul_32x32_U
  _Mul_32x32_U
  L_end_Mul_32x32_S
  _Mul_32x32_S
  L_loopCA2AWs
  L_CA2AWend
  _CCA2AW_Loop1
  L_loopCS2Ss
  L_CS2Send
  _CCS2S_Loop1
  L_CCS2Send
  L_loopFZinSWs
  L_FZinSend
  _CC2D_Loop1
  L_end_____DoICP
  _____DoICP
  L_end_____DoIFC
  _____DoIFC
  L_end___CA2AW
  ___CA2AW
  L_end___CCA2AW
  ___CCA2AW
  L_end___CS2S
  ___CS2S
  L_end___CCS2S
  ___CCS2S
  L_end___FZinS
  ___FZinS
  L_end___CC2DW
  ___CC2DW
  L_end_Swap
  _Swap
  L_AUTOMATIC0
  L_AUTOMATIC1
  L_AUTOMATIC2
  L_AUTOMATIC3
  L_AUTOMATIC4
  L_AUTOMATIC5
  L_AUTOMATIC6
  L_AUTOMATIC7
  L_AUTOMATIC8
  L_AUTOMATIC9
  L_AUTOMATIC10
  L_AUTOMATIC11
  L_AUTOMATIC12
  L_AUTOMATIC13
  L_AUTOMATIC14
  L_AUTOMATIC15
  L_AUTOMATIC16
  L_AUTOMATIC17
  L_AUTOMATIC18
  L_AUTOMATIC19
  L_AUTOMATIC20
  L_AUTOMATIC21
  L_AUTOMATIC22
  L_AUTOMATIC23
  L_AUTOMATIC24
  L_AUTOMATIC25
  L_AUTOMATIC26
  L_AUTOMATIC27
  L_AUTOMATIC28
  L_AUTOMATIC29
  L_AUTOMATIC30
  L_AUTOMATIC31
  L_AUTOMATIC32
  L_AUTOMATIC33
  L_AUTOMATIC34
  L_AUTOMATIC35
  L_AUTOMATIC36
  L_AUTOMATIC37
  L_AUTOMATIC38
  L_AUTOMATIC39
  L_AUTOMATIC40
  L_AUTOMATIC41
  L_AUTOMATIC42
  L_AUTOMATIC43
  L_AUTOMATIC44
  L_AUTOMATIC45
  L_AUTOMATIC46
  L_AUTOMATIC47
  L_Manuel48
  L_Manuel49
  L_Manuel50
  L_Manuel51
  L_Manuel52
  L_Manuel53
  L_Manuel54
  L_Manuel55
  L_Manuel56
  L_Manuel57
  L_Manuel58
  L_Manuel59
  L_Manuel60
  L_Manuel61
  L_Manuel62
  L_Manuel63
  L_Manuel64
  L_Manuel65
  L_Manuel66
  L_Manuel67
  L_Manuel68
  L_Manuel69
  L_Manuel70
  L_Manuel71
  L_Manuel72
  L_Manuel73
  L_Manuel74
  L_interrupt75
  L_interrupt76
  L_interrupt77
  L_main78
  L_main79
  L_main80
  L_main81
  L__AUTOMATIC82
  L__AUTOMATIC83
  L__AUTOMATIC84
  L__AUTOMATIC85
  L_end_AUTOMATIC
  _AUTOMATIC
  L_end_Manuel
  _Manuel
  L__Manuel88
  L__Manuel89
  L__Manuel90
  L__Manuel91
  L__Manuel92
  L__Manuel93
  L_end_interrupt
  _interrupt
  L__interrupt95
  L_end_main
  _main
